2020-11-20 22:58:50,046 INFO Start time logger
2020-11-20 22:58:50,235 INFO Facedetection load time: 188.478
2020-11-20 22:58:50,321 INFO Facial_Landmarks load time: 85.835
2020-11-20 22:58:50,436 INFO Headpose load time: 114.982
2020-11-20 22:58:50,566 INFO Gaze load time: 129.861
2020-11-20 22:58:50,566 INFO Total model load time: 519.623
2020-11-20 22:58:50,566 INFO ##################
2020-11-20 22:58:50,844 INFO Average face inference time: 104.55894470214844
2020-11-20 22:58:50,864 INFO Average facial inference time: 2.4504661560058594
2020-11-20 22:58:50,870 INFO Average headpose inference time: 5.302667617797852
2020-11-20 22:58:50,877 INFO Average gaze inference time: 6.855010986328125
2020-11-20 22:58:50,877 INFO Total inference time: 137.2537612915039
2020-11-20 22:58:50,877 INFO ----
2020-11-20 22:58:52,318 INFO Average face inference time: 100.94237327575684
2020-11-20 22:58:52,337 INFO Average facial inference time: 2.232789993286133
2020-11-20 22:58:52,342 INFO Average headpose inference time: 4.920482635498047
2020-11-20 22:58:52,348 INFO Average gaze inference time: 6.752610206604004
2020-11-20 22:58:52,348 INFO Total inference time: 264.63961601257324
2020-11-20 22:58:52,349 INFO ----
2020-11-20 22:58:53,730 INFO Average face inference time: 100.2039909362793
2020-11-20 22:58:53,747 INFO Average facial inference time: 2.155780792236328
2020-11-20 22:58:53,751 INFO Average headpose inference time: 4.511435826619466
2020-11-20 22:58:53,758 INFO Average gaze inference time: 6.758769353230794
2020-11-20 22:58:53,758 INFO Total inference time: 391.22533798217773
2020-11-20 22:58:53,758 INFO ----
2020-11-20 22:58:55,139 INFO Average face inference time: 99.56187009811401
2020-11-20 22:58:55,156 INFO Average facial inference time: 2.1327733993530273
2020-11-20 22:58:55,160 INFO Average headpose inference time: 4.368782043457031
2020-11-20 22:58:55,165 INFO Average gaze inference time: 6.448328495025635
2020-11-20 22:58:55,165 INFO Total inference time: 514.9326324462891
2020-11-20 22:58:55,166 INFO ----
2020-11-20 22:58:56,538 INFO Average face inference time: 98.61083030700684
2020-11-20 22:58:56,555 INFO Average facial inference time: 2.1080970764160156
2020-11-20 22:58:56,559 INFO Average headpose inference time: 4.28314208984375
2020-11-20 22:58:56,565 INFO Average gaze inference time: 6.435680389404297
2020-11-20 22:58:56,565 INFO Total inference time: 637.1114253997803
2020-11-20 22:58:56,565 INFO ----
2020-11-20 22:58:57,959 INFO Average face inference time: 98.03430239359538
2020-11-20 22:58:57,975 INFO Average facial inference time: 2.139886220296224
2020-11-20 22:58:57,979 INFO Average headpose inference time: 4.323999087015788
2020-11-20 22:58:57,985 INFO Average gaze inference time: 6.266991297403972
2020-11-20 22:58:57,985 INFO Total inference time: 757.8306198120117
2020-11-20 22:58:57,985 INFO ----
2020-11-20 22:58:59,359 INFO Average face inference time: 97.87545885358539
2020-11-20 22:58:59,374 INFO Average facial inference time: 2.1509783608572826
2020-11-20 22:58:59,380 INFO Average headpose inference time: 4.60921015058245
2020-11-20 22:58:59,387 INFO Average gaze inference time: 6.267036710466657
2020-11-20 22:58:59,387 INFO Total inference time: 882.9782009124756
2020-11-20 22:58:59,387 INFO ----
2020-11-20 22:59:00,761 INFO Average face inference time: 97.50029444694519
2020-11-20 22:59:00,782 INFO Average facial inference time: 2.1467208862304688
2020-11-20 22:59:00,786 INFO Average headpose inference time: 4.502832889556885
2020-11-20 22:59:00,793 INFO Average gaze inference time: 6.381690502166748
2020-11-20 22:59:00,793 INFO Total inference time: 1009.3891620635986
2020-11-20 22:59:00,793 INFO ----
2020-11-20 22:59:02,187 INFO Average face inference time: 97.36511442396376
2020-11-20 22:59:02,203 INFO Average facial inference time: 2.1310647328694663
2020-11-20 22:59:02,207 INFO Average headpose inference time: 4.459884431627062
2020-11-20 22:59:02,213 INFO Average gaze inference time: 6.3108338250054254
2020-11-20 22:59:02,213 INFO Total inference time: 1132.0807933807373
2020-11-20 22:59:02,213 INFO ----
2020-11-20 22:59:03,590 INFO Average face inference time: 97.32868671417236
2020-11-20 22:59:03,607 INFO Average facial inference time: 2.1118640899658203
2020-11-20 22:59:03,611 INFO Average headpose inference time: 4.397726058959961
2020-11-20 22:59:03,618 INFO Average gaze inference time: 6.310081481933594
2020-11-20 22:59:03,618 INFO Total inference time: 1256.7861080169678
2020-11-20 22:59:03,618 INFO ----
2020-11-20 22:59:04,995 INFO Average face inference time: 97.32263738458806
2020-11-20 22:59:05,010 INFO Average facial inference time: 2.1031119606711646
2020-11-20 22:59:05,015 INFO Average headpose inference time: 4.424550316550515
2020-11-20 22:59:05,021 INFO Average gaze inference time: 6.255388259887695
2020-11-20 22:59:05,021 INFO Total inference time: 1380.2952766418457
2020-11-20 22:59:05,021 INFO ----
2020-11-20 22:59:06,412 INFO Average face inference time: 97.18835353851318
2020-11-20 22:59:06,427 INFO Average facial inference time: 2.081592877705892
2020-11-20 22:59:06,432 INFO Average headpose inference time: 4.447042942047119
2020-11-20 22:59:06,438 INFO Average gaze inference time: 6.207446257273356
2020-11-20 22:59:06,438 INFO Total inference time: 1501.9757747650146
2020-11-20 22:59:06,438 INFO ----
2020-11-20 22:59:07,810 INFO Average face inference time: 97.21110417292668
2020-11-20 22:59:07,827 INFO Average facial inference time: 2.092379790086013
2020-11-20 22:59:07,831 INFO Average headpose inference time: 4.417676192063552
2020-11-20 22:59:07,838 INFO Average gaze inference time: 6.203853167020357
2020-11-20 22:59:07,838 INFO Total inference time: 1627.7151107788086
2020-11-20 22:59:07,838 INFO ----
2020-11-20 22:59:09,212 INFO Average face inference time: 97.15805734906878
2020-11-20 22:59:09,228 INFO Average facial inference time: 2.097419330051967
2020-11-20 22:59:09,232 INFO Average headpose inference time: 4.376803125653948
2020-11-20 22:59:09,238 INFO Average gaze inference time: 6.181308201381138
2020-11-20 22:59:09,239 INFO Total inference time: 1751.1768341064453
2020-11-20 22:59:09,239 INFO ----
2020-11-20 22:59:10,633 INFO Average face inference time: 97.52786954243977
2020-11-20 22:59:10,652 INFO Average facial inference time: 2.0994345347086587
2020-11-20 22:59:10,656 INFO Average headpose inference time: 4.3483734130859375
2020-11-20 22:59:10,664 INFO Average gaze inference time: 6.3269297281901045
2020-11-20 22:59:10,665 INFO Total inference time: 1885.7855796813965
2020-11-20 22:59:10,665 INFO ----
2020-11-20 23:03:35,611 INFO Start time logger
2020-11-20 23:03:35,814 INFO Facedetection load time: 203.3
2020-11-20 23:03:35,928 INFO Facial_Landmarks load time: 113.568
2020-11-20 23:03:36,043 INFO Headpose load time: 115.088
2020-11-20 23:03:36,169 INFO Gaze load time: 125.613
2020-11-20 23:03:36,169 INFO Total model load time: 558.112
2020-11-20 23:03:36,169 INFO ##################
2020-11-20 23:03:36,458 INFO Average face inference time: 115.55790901184082
2020-11-20 23:03:36,477 INFO Average facial inference time: 2.2363662719726562
2020-11-20 23:03:36,483 INFO Average headpose inference time: 5.983829498291016
2020-11-20 23:03:36,491 INFO Average gaze inference time: 7.672548294067383
2020-11-20 23:03:36,491 INFO Total inference time: 148.31995964050293
2020-11-20 23:03:36,491 INFO ----
2020-11-20 23:03:37,927 INFO Average face inference time: 106.08923435211182
2020-11-20 23:03:37,945 INFO Average facial inference time: 2.1409988403320312
2020-11-20 23:03:37,949 INFO Average headpose inference time: 4.722237586975098
2020-11-20 23:03:37,956 INFO Average gaze inference time: 7.223725318908691
2020-11-20 23:03:37,956 INFO Total inference time: 274.092435836792
2020-11-20 23:03:37,956 INFO ----
2020-11-20 23:03:39,329 INFO Average face inference time: 103.32520802815755
2020-11-20 23:03:39,347 INFO Average facial inference time: 2.122799555460612
2020-11-20 23:03:39,351 INFO Average headpose inference time: 4.567623138427734
2020-11-20 23:03:39,359 INFO Average gaze inference time: 7.411003112792969
2020-11-20 23:03:39,359 INFO Total inference time: 401.91173553466797
2020-11-20 23:03:39,359 INFO ----
2020-11-20 23:03:40,731 INFO Average face inference time: 101.36061906814575
2020-11-20 23:03:40,748 INFO Average facial inference time: 2.1254420280456543
2020-11-20 23:03:40,751 INFO Average headpose inference time: 4.371702671051025
2020-11-20 23:03:40,759 INFO Average gaze inference time: 7.376611232757568
2020-11-20 23:03:40,759 INFO Total inference time: 525.5563259124756
2020-11-20 23:03:40,759 INFO ----
2020-11-20 23:03:42,133 INFO Average face inference time: 100.17609596252441
2020-11-20 23:03:42,150 INFO Average facial inference time: 2.1080493927001953
2020-11-20 23:03:42,155 INFO Average headpose inference time: 4.365777969360352
2020-11-20 23:03:42,162 INFO Average gaze inference time: 7.366609573364258
2020-11-20 23:03:42,162 INFO Total inference time: 649.9736309051514
2020-11-20 23:03:42,162 INFO ----
2020-11-20 23:03:43,532 INFO Average face inference time: 99.36980406443278
2020-11-20 23:03:43,548 INFO Average facial inference time: 2.1047194798787436
2020-11-20 23:03:43,551 INFO Average headpose inference time: 4.20681635538737
2020-11-20 23:03:43,558 INFO Average gaze inference time: 7.204294204711914
2020-11-20 23:03:43,558 INFO Total inference time: 771.5041637420654
2020-11-20 23:03:43,558 INFO ----
2020-11-20 23:03:44,929 INFO Average face inference time: 98.82606778826032
2020-11-20 23:03:44,945 INFO Average facial inference time: 2.1249907357352122
2020-11-20 23:03:44,948 INFO Average headpose inference time: 4.106487546648298
2020-11-20 23:03:44,954 INFO Average gaze inference time: 6.982088088989258
2020-11-20 23:03:44,954 INFO Total inference time: 892.3313617706299
2020-11-20 23:03:44,954 INFO ----
2020-11-20 23:03:46,387 INFO Average face inference time: 105.52936792373657
2020-11-20 23:03:46,410 INFO Average facial inference time: 2.310454845428467
2020-11-20 23:03:46,415 INFO Average headpose inference time: 4.245936870574951
2020-11-20 23:03:46,425 INFO Average gaze inference time: 7.322818040847778
2020-11-20 23:03:46,425 INFO Total inference time: 1082.364797592163
2020-11-20 23:03:46,425 INFO ----
2020-11-20 23:03:47,818 INFO Average face inference time: 107.60479503207736
2020-11-20 23:03:47,843 INFO Average facial inference time: 2.303971184624566
2020-11-20 23:03:47,849 INFO Average headpose inference time: 4.432492785983616
2020-11-20 23:03:47,857 INFO Average gaze inference time: 7.350524266560872
2020-11-20 23:03:47,857 INFO Total inference time: 1245.177984237671
2020-11-20 23:03:47,857 INFO ----
2020-11-20 23:03:49,221 INFO Average face inference time: 107.38892555236816
2020-11-20 23:03:49,238 INFO Average facial inference time: 2.277684211730957
2020-11-20 23:03:49,243 INFO Average headpose inference time: 4.420042037963867
2020-11-20 23:03:49,251 INFO Average gaze inference time: 7.398247718811035
2020-11-20 23:03:49,251 INFO Total inference time: 1380.0928592681885
2020-11-20 23:03:49,251 INFO ----
2020-11-20 23:03:50,613 INFO Average face inference time: 106.36630925265226
2020-11-20 23:03:50,630 INFO Average facial inference time: 2.3216767744584517
2020-11-20 23:03:50,633 INFO Average headpose inference time: 4.339651627974077
2020-11-20 23:03:50,639 INFO Average gaze inference time: 7.260691035877574
2020-11-20 23:03:50,639 INFO Total inference time: 1502.7391910552979
2020-11-20 23:03:50,640 INFO ----
2020-11-20 23:03:52,011 INFO Average face inference time: 105.47139247258504
2020-11-20 23:03:52,027 INFO Average facial inference time: 2.301673094431559
2020-11-20 23:03:52,031 INFO Average headpose inference time: 4.32966152826945
2020-11-20 23:03:52,037 INFO Average gaze inference time: 7.109622160593669
2020-11-20 23:03:52,037 INFO Total inference time: 1624.387502670288
2020-11-20 23:03:52,037 INFO ----
2020-11-20 23:03:53,415 INFO Average face inference time: 104.82566173260028
2020-11-20 23:03:53,433 INFO Average facial inference time: 2.317960445697491
2020-11-20 23:03:53,437 INFO Average headpose inference time: 4.248564059917744
2020-11-20 23:03:53,443 INFO Average gaze inference time: 7.033109664916992
2020-11-20 23:03:53,443 INFO Total inference time: 1749.4466304779053
2020-11-20 23:03:53,443 INFO ----
2020-11-20 23:03:54,814 INFO Average face inference time: 104.22374520983014
2020-11-20 23:03:54,831 INFO Average facial inference time: 2.30649539402553
2020-11-20 23:03:54,835 INFO Average headpose inference time: 4.2553799492972235
2020-11-20 23:03:54,841 INFO Average gaze inference time: 6.972295897347586
2020-11-20 23:03:54,842 INFO Total inference time: 1873.5260963439941
2020-11-20 23:03:54,842 INFO ----
2020-11-20 23:03:56,227 INFO Average face inference time: 104.31809425354004
2020-11-20 23:03:56,246 INFO Average facial inference time: 2.2930145263671875
2020-11-20 23:03:56,250 INFO Average headpose inference time: 4.20535405476888
2020-11-20 23:03:56,258 INFO Average gaze inference time: 7.035001118977864
2020-11-20 23:03:56,258 INFO Total inference time: 2010.0159645080566
2020-11-20 23:03:56,258 INFO ----
2020-11-20 23:06:03,736 INFO Start time logger
2020-11-20 23:06:03,922 INFO Facedetection load time: 186.181
2020-11-20 23:06:04,033 INFO Facial_Landmarks load time: 110.795
2020-11-20 23:06:04,272 INFO Headpose load time: 238.407
2020-11-20 23:06:04,562 INFO Gaze load time: 289.855
2020-11-20 23:06:04,562 INFO Total model load time: 825.687
2020-11-20 23:06:04,562 INFO ##################
2020-11-20 23:06:04,836 INFO Average face inference time: 101.85050964355469
2020-11-20 23:06:04,855 INFO Average facial inference time: 2.3262500762939453
2020-11-20 23:06:04,860 INFO Average headpose inference time: 4.399538040161133
2020-11-20 23:06:04,867 INFO Average gaze inference time: 7.376432418823242
2020-11-20 23:06:04,867 INFO Total inference time: 133.56566429138184
2020-11-20 23:06:04,867 INFO ----
2020-11-20 23:06:06,295 INFO Average face inference time: 98.52981567382812
2020-11-20 23:06:06,313 INFO Average facial inference time: 2.207040786743164
2020-11-20 23:06:06,317 INFO Average headpose inference time: 3.9186477661132812
2020-11-20 23:06:06,323 INFO Average gaze inference time: 6.964921951293945
2020-11-20 23:06:06,324 INFO Total inference time: 257.89952278137207
2020-11-20 23:06:06,324 INFO ----
2020-11-20 23:06:07,701 INFO Average face inference time: 98.3889102935791
2020-11-20 23:06:07,718 INFO Average facial inference time: 2.1643638610839844
2020-11-20 23:06:07,722 INFO Average headpose inference time: 3.615299860636393
2020-11-20 23:06:07,727 INFO Average gaze inference time: 6.390968958536784
2020-11-20 23:06:07,727 INFO Total inference time: 381.78348541259766
2020-11-20 23:06:07,727 INFO ----
2020-11-20 23:06:09,104 INFO Average face inference time: 97.90647029876709
2020-11-20 23:06:09,119 INFO Average facial inference time: 2.1303296089172363
2020-11-20 23:06:09,123 INFO Average headpose inference time: 3.475368022918701
2020-11-20 23:06:09,128 INFO Average gaze inference time: 6.144344806671143
2020-11-20 23:06:09,128 INFO Total inference time: 502.8688907623291
2020-11-20 23:06:09,128 INFO ----
2020-11-20 23:06:10,499 INFO Average face inference time: 97.01361656188965
2020-11-20 23:06:10,516 INFO Average facial inference time: 2.1039485931396484
2020-11-20 23:06:10,520 INFO Average headpose inference time: 3.5076141357421875
2020-11-20 23:06:10,525 INFO Average gaze inference time: 5.967140197753906
2020-11-20 23:06:10,525 INFO Total inference time: 622.483491897583
2020-11-20 23:06:10,525 INFO ----
2020-11-20 23:06:11,916 INFO Average face inference time: 96.55932585398357
2020-11-20 23:06:11,931 INFO Average facial inference time: 2.102812131245931
2020-11-20 23:06:11,935 INFO Average headpose inference time: 3.5784641901652017
2020-11-20 23:06:11,941 INFO Average gaze inference time: 5.81212838490804
2020-11-20 23:06:11,941 INFO Total inference time: 741.4360046386719
2020-11-20 23:06:11,941 INFO ----
2020-11-20 23:06:13,318 INFO Average face inference time: 96.63823672703334
2020-11-20 23:06:13,333 INFO Average facial inference time: 2.095869609287807
2020-11-20 23:06:13,337 INFO Average headpose inference time: 3.6223956516810825
2020-11-20 23:06:13,342 INFO Average gaze inference time: 5.749872752598354
2020-11-20 23:06:13,342 INFO Total inference time: 863.0859851837158
2020-11-20 23:06:13,342 INFO ----
2020-11-20 23:06:14,721 INFO Average face inference time: 96.56834602355957
2020-11-20 23:06:14,737 INFO Average facial inference time: 2.0952820777893066
2020-11-20 23:06:14,740 INFO Average headpose inference time: 3.5677552223205566
2020-11-20 23:06:14,746 INFO Average gaze inference time: 5.68157434463501
2020-11-20 23:06:14,746 INFO Total inference time: 984.4512939453125
2020-11-20 23:06:14,746 INFO ----
2020-11-20 23:06:16,135 INFO Average face inference time: 96.32913271586101
2020-11-20 23:06:16,152 INFO Average facial inference time: 2.0803610483805337
2020-11-20 23:06:16,155 INFO Average headpose inference time: 3.5600662231445312
2020-11-20 23:06:16,160 INFO Average gaze inference time: 5.617088741726345
2020-11-20 23:06:16,160 INFO Total inference time: 1104.5258045196533
2020-11-20 23:06:16,160 INFO ----
2020-11-20 23:06:17,536 INFO Average face inference time: 96.65224552154541
2020-11-20 23:06:17,552 INFO Average facial inference time: 2.0668745040893555
2020-11-20 23:06:17,555 INFO Average headpose inference time: 3.5049915313720703
2020-11-20 23:06:17,561 INFO Average gaze inference time: 5.6400299072265625
2020-11-20 23:06:17,561 INFO Total inference time: 1229.6910285949707
2020-11-20 23:06:17,561 INFO ----
2020-11-20 23:06:18,936 INFO Average face inference time: 96.53279998085715
2020-11-20 23:06:18,952 INFO Average facial inference time: 2.061605453491211
2020-11-20 23:06:18,955 INFO Average headpose inference time: 3.461382605812766
2020-11-20 23:06:18,961 INFO Average gaze inference time: 5.640810186212713
2020-11-20 23:06:18,961 INFO Total inference time: 1349.7586250305176
2020-11-20 23:06:18,961 INFO ----
2020-11-21 13:19:24,909 INFO Start time logger
2020-11-21 13:19:48,732 INFO Start time logger
2020-11-21 13:21:33,306 INFO Start time logger
2020-11-21 13:23:03,579 INFO Start time logger
2020-11-21 13:23:03,769 INFO Facedetection load time: 189.029
2020-11-21 13:23:03,884 INFO Facial_Landmarks load time: 115.632
2020-11-21 13:23:04,126 INFO Headpose load time: 241.46
2020-11-21 13:23:04,419 INFO Gaze load time: 292.508
2020-11-21 13:23:04,419 INFO Total model load time: 839.108
2020-11-21 13:23:04,419 INFO ##################
2020-11-21 13:23:04,686 INFO Average face inference time: 101.6991138458252
2020-11-21 13:23:04,706 INFO Average facial inference time: 2.3703575134277344
2020-11-21 13:23:04,711 INFO Average headpose inference time: 5.105018615722656
2020-11-21 13:23:04,717 INFO Average gaze inference time: 6.240606307983398
2020-11-21 13:23:04,718 INFO Total inference time: 133.61454010009766
2020-11-21 13:23:04,718 INFO ----
2020-11-21 13:23:06,152 INFO Average face inference time: 100.14891624450684
2020-11-21 13:23:06,170 INFO Average facial inference time: 2.2106170654296875
2020-11-21 13:23:06,174 INFO Average headpose inference time: 4.172801971435547
2020-11-21 13:23:06,180 INFO Average gaze inference time: 6.282210350036621
2020-11-21 13:23:06,180 INFO Total inference time: 260.64085960388184
2020-11-21 13:23:06,180 INFO ----
2020-11-21 13:23:07,558 INFO Average face inference time: 99.61922963460286
2020-11-21 13:23:07,576 INFO Average facial inference time: 2.473592758178711
2020-11-21 13:23:07,579 INFO Average headpose inference time: 3.829399744669596
2020-11-21 13:23:07,585 INFO Average gaze inference time: 5.939324696858724
2020-11-21 13:23:07,585 INFO Total inference time: 386.0297203063965
2020-11-21 13:23:07,585 INFO ----
2020-11-21 13:23:08,964 INFO Average face inference time: 99.08157587051392
2020-11-21 13:23:08,981 INFO Average facial inference time: 2.3832321166992188
2020-11-21 13:23:08,984 INFO Average headpose inference time: 3.659486770629883
2020-11-21 13:23:08,989 INFO Average gaze inference time: 5.770742893218994
2020-11-21 13:23:08,989 INFO Total inference time: 508.71729850769043
2020-11-21 13:23:08,990 INFO ----
2020-11-21 13:23:10,361 INFO Average face inference time: 98.48737716674805
2020-11-21 13:23:10,378 INFO Average facial inference time: 2.3223400115966797
2020-11-21 13:23:10,382 INFO Average headpose inference time: 3.5711288452148438
2020-11-21 13:23:10,387 INFO Average gaze inference time: 5.7064056396484375
2020-11-21 13:23:10,387 INFO Total inference time: 631.615400314331
2020-11-21 13:23:10,388 INFO ----
2020-11-21 13:23:11,776 INFO Average face inference time: 97.86486625671387
2020-11-21 13:23:11,791 INFO Average facial inference time: 2.2998650868733725
2020-11-21 13:23:11,795 INFO Average headpose inference time: 3.5981337229410806
2020-11-21 13:23:11,800 INFO Average gaze inference time: 5.63506285349528
2020-11-21 13:23:11,800 INFO Total inference time: 750.8754730224609
2020-11-21 13:23:11,800 INFO ----
2020-11-21 13:23:13,178 INFO Average face inference time: 98.21472849164691
2020-11-21 13:23:13,193 INFO Average facial inference time: 2.355882099696568
2020-11-21 13:23:13,197 INFO Average headpose inference time: 3.550938197544643
2020-11-21 13:23:13,202 INFO Average gaze inference time: 5.5726936885288785
2020-11-21 13:23:13,202 INFO Total inference time: 875.3237724304199
2020-11-21 13:23:13,202 INFO ----
2020-11-21 13:23:14,556 INFO Average face inference time: 98.45447540283203
2020-11-21 13:23:14,572 INFO Average facial inference time: 2.3203790187835693
2020-11-21 13:23:14,576 INFO Average headpose inference time: 3.5942494869232178
2020-11-21 13:23:14,581 INFO Average gaze inference time: 5.528897047042847
2020-11-21 13:23:14,582 INFO Total inference time: 1000.9241104125977
2020-11-21 13:23:14,582 INFO ----
2020-11-21 13:23:15,943 INFO Average face inference time: 98.22625584072537
2020-11-21 13:23:15,960 INFO Average facial inference time: 2.350860171847873
2020-11-21 13:23:15,963 INFO Average headpose inference time: 3.5393238067626953
2020-11-21 13:23:15,968 INFO Average gaze inference time: 5.515098571777344
2020-11-21 13:23:15,969 INFO Total inference time: 1123.445987701416
2020-11-21 13:23:15,969 INFO ----
2020-11-21 13:23:17,349 INFO Average face inference time: 98.25136661529541
2020-11-21 13:23:17,365 INFO Average facial inference time: 2.3396730422973633
2020-11-21 13:23:17,369 INFO Average headpose inference time: 3.5057544708251953
2020-11-21 13:23:17,374 INFO Average gaze inference time: 5.475163459777832
2020-11-21 13:23:17,374 INFO Total inference time: 1246.856927871704
2020-11-21 13:23:17,374 INFO ----
2020-11-21 13:23:18,721 INFO Average face inference time: 97.95845638621937
2020-11-21 13:23:18,737 INFO Average facial inference time: 2.3162364959716797
2020-11-21 13:23:18,740 INFO Average headpose inference time: 3.4692937677556817
2020-11-21 13:23:18,746 INFO Average gaze inference time: 5.513104525479403
2020-11-21 13:23:18,746 INFO Total inference time: 1366.9519424438477
2020-11-21 13:23:18,746 INFO ----
2020-11-21 13:23:20,128 INFO Average face inference time: 97.71953026453654
2020-11-21 13:23:20,145 INFO Average facial inference time: 2.3346741994222007
2020-11-21 13:23:20,148 INFO Average headpose inference time: 3.434419631958008
2020-11-21 13:23:20,153 INFO Average gaze inference time: 5.503793557484944
2020-11-21 13:23:20,154 INFO Total inference time: 1487.2558116912842
2020-11-21 13:23:20,154 INFO ----
2020-11-21 13:23:21,512 INFO Average face inference time: 97.82998378460223
2020-11-21 13:23:21,530 INFO Average facial inference time: 2.3172818697415867
2020-11-21 13:23:21,533 INFO Average headpose inference time: 3.409587419950045
2020-11-21 13:23:21,538 INFO Average gaze inference time: 5.4756861466627855
2020-11-21 13:23:21,538 INFO Total inference time: 1612.9772663116455
2020-11-21 13:23:21,539 INFO ----
2020-11-21 13:23:22,910 INFO Average face inference time: 97.95798574175153
2020-11-21 13:23:22,927 INFO Average facial inference time: 2.3193359375
2020-11-21 13:23:22,930 INFO Average headpose inference time: 3.3873489924839566
2020-11-21 13:23:22,936 INFO Average gaze inference time: 5.456209182739258
2020-11-21 13:23:22,936 INFO Total inference time: 1737.8802299499512
2020-11-21 13:23:22,936 INFO ----
2020-11-21 13:28:39,802 INFO Start time logger
2020-11-21 13:28:39,997 INFO Facedetection load time: 195.307
2020-11-21 13:28:40,112 INFO Facial_Landmarks load time: 114.437
2020-11-21 13:28:40,359 INFO Headpose load time: 246.489
2020-11-21 13:28:40,658 INFO Gaze load time: 299.511
2020-11-21 13:28:40,658 INFO Total model load time: 856.162
2020-11-21 13:28:40,659 INFO ##################
2020-11-21 13:28:40,955 INFO Average face inference time: 113.07907104492188
2020-11-21 13:28:40,976 INFO Average facial inference time: 2.6578903198242188
2020-11-21 13:28:40,981 INFO Average headpose inference time: 4.3239593505859375
2020-11-21 13:28:40,987 INFO Average gaze inference time: 6.173610687255859
2020-11-21 13:28:40,987 INFO Total inference time: 145.45083045959473
2020-11-21 13:28:40,987 INFO ----
2020-11-21 13:28:42,441 INFO Average face inference time: 105.1255464553833
2020-11-21 13:28:42,459 INFO Average facial inference time: 2.3763179779052734
2020-11-21 13:28:42,462 INFO Average headpose inference time: 3.6913156509399414
2020-11-21 13:28:42,467 INFO Average gaze inference time: 5.520820617675781
2020-11-21 13:28:42,467 INFO Total inference time: 269.4287300109863
2020-11-21 13:28:42,467 INFO ----
2020-11-21 13:28:43,873 INFO Average face inference time: 103.88366381327312
2020-11-21 13:28:43,890 INFO Average facial inference time: 2.2336641947428384
2020-11-21 13:28:43,894 INFO Average headpose inference time: 3.7680466969807944
2020-11-21 13:28:43,900 INFO Average gaze inference time: 5.393266677856445
2020-11-21 13:28:43,900 INFO Total inference time: 397.0985412597656
2020-11-21 13:28:43,900 INFO ----
2020-11-21 13:28:45,286 INFO Average face inference time: 102.04219818115234
2020-11-21 13:28:45,304 INFO Average facial inference time: 2.344489097595215
2020-11-21 13:28:45,307 INFO Average headpose inference time: 3.5660862922668457
2020-11-21 13:28:45,312 INFO Average gaze inference time: 5.394637584686279
2020-11-21 13:28:45,312 INFO Total inference time: 519.7854042053223
2020-11-21 13:28:45,312 INFO ----
2020-11-21 13:28:46,715 INFO Average face inference time: 101.08499526977539
2020-11-21 13:28:46,733 INFO Average facial inference time: 2.319765090942383
2020-11-21 13:28:46,736 INFO Average headpose inference time: 3.4865856170654297
2020-11-21 13:28:46,743 INFO Average gaze inference time: 5.571842193603516
2020-11-21 13:28:46,743 INFO Total inference time: 644.4494724273682
2020-11-21 13:28:46,743 INFO ----
2020-11-21 13:28:48,163 INFO Average face inference time: 100.48107306162517
2020-11-21 13:28:48,178 INFO Average facial inference time: 2.2667249043782554
2020-11-21 13:28:48,181 INFO Average headpose inference time: 3.403941790262858
2020-11-21 13:28:48,187 INFO Average gaze inference time: 5.591432253519694
2020-11-21 13:28:48,187 INFO Total inference time: 766.3648128509521
2020-11-21 13:28:48,187 INFO ----
2020-11-21 13:28:49,560 INFO Average face inference time: 100.26437895638603
2020-11-21 13:28:49,574 INFO Average facial inference time: 2.2400106702532088
2020-11-21 13:28:49,577 INFO Average headpose inference time: 3.3805029732840404
2020-11-21 13:28:49,582 INFO Average gaze inference time: 5.486828940255301
2020-11-21 13:28:49,583 INFO Total inference time: 888.2827758789062
2020-11-21 13:28:49,583 INFO ----
2020-11-21 13:28:50,965 INFO Average face inference time: 100.00324249267578
2020-11-21 13:28:50,985 INFO Average facial inference time: 2.2193193435668945
2020-11-21 13:28:50,989 INFO Average headpose inference time: 3.396928310394287
2020-11-21 13:28:50,995 INFO Average gaze inference time: 5.479753017425537
2020-11-21 13:28:50,995 INFO Total inference time: 1016.3004398345947
2020-11-21 13:28:50,995 INFO ----
2020-11-21 13:28:52,400 INFO Average face inference time: 99.46870803833008
2020-11-21 13:28:52,417 INFO Average facial inference time: 2.1998352474636502
2020-11-21 13:28:52,420 INFO Average headpose inference time: 3.3974912431504993
2020-11-21 13:28:52,426 INFO Average gaze inference time: 5.476633707682292
2020-11-21 13:28:52,426 INFO Total inference time: 1136.9967460632324
2020-11-21 13:28:52,426 INFO ----
2020-11-21 13:28:53,826 INFO Average face inference time: 99.2985725402832
2020-11-21 13:28:53,844 INFO Average facial inference time: 2.2012948989868164
2020-11-21 13:28:53,847 INFO Average headpose inference time: 3.3716917037963867
2020-11-21 13:28:53,852 INFO Average gaze inference time: 5.479526519775391
2020-11-21 13:28:53,852 INFO Total inference time: 1261.7366313934326
2020-11-21 13:28:53,853 INFO ----
2020-11-21 13:28:55,246 INFO Average face inference time: 98.94717823375355
2020-11-21 13:28:55,261 INFO Average facial inference time: 2.189051021229137
2020-11-21 13:28:55,265 INFO Average headpose inference time: 3.3414147116921167
2020-11-21 13:28:55,270 INFO Average gaze inference time: 5.455082113092596
2020-11-21 13:28:55,270 INFO Total inference time: 1381.0901641845703
2020-11-21 13:28:55,270 INFO ----
